<?xml version="1.0" encoding="UTF-8"?>
<!-- Generated by org.testng.reporters.JUnitXMLReporter -->
<testsuite hostname="LAPTOP-8VD40C3U" name="Default test" tests="4" failures="0" timestamp="28 May 2023 05:38:33 GMT" time="65.349" errors="0">
  <testcase name="TC001_LoginwithvalidCredential" time="16.123" classname="com.crm.qa.testcases.MailTestCases"/>
  <testcase name="TC002_CheckForMailLogo" time="12.172" classname="com.crm.qa.testcases.MailTestCases"/>
  <testcase name="TC003_ComposeNewMail" time="28.261" classname="com.crm.qa.testcases.MailTestCases"/>
  <testcase name="TC004_ReadMail" time="8.754" classname="com.crm.qa.testcases.MailTestCases"/>
</testsuite> <!-- Default test -->
